<?xml version="1.0" encoding="UTF-8"?>
<!-- Generated by org.testng.reporters.JUnitXMLReporter -->
<testsuite ignored="0" hostname="MacBook-Pro-Vladimir.local" failures="0" tests="6" name="Surefire test" time="31.232" errors="0" timestamp="2021-08-10T01:23:33 EEST">
  <testcase classname="tests.PlaygroundGridTests" name="test1" time="0.618"/>
  <testcase classname="tests.PlaygroundGridTests" name="test2" time="9.041"/>
  <testcase classname="tests.PlaygroundGridTests" name="test3" time="1.082"/>
  <testcase classname="tests.PlaygroundGridTests" name="test4" time="1.067"/>
  <testcase classname="tests.PlaygroundGridTests" name="test5" time="9.211"/>
  <testcase classname="tests.PlaygroundGridTests" name="test6" time="2.592"/>
</testsuite> <!-- Surefire test -->
