<?xml version="1.0" encoding="UTF-8"?>
<testng-results ignored="0" total="6" passed="6" failed="0" skipped="0">
  <reporter-output>
  </reporter-output>
  <suite started-at="2021-08-10T01:23:02 EEST" name="Surefire suite" finished-at="2021-08-10T01:23:33 EEST" duration-ms="31232">
    <groups>
    </groups>
    <test started-at="2021-08-10T01:23:02 EEST" name="Surefire test" finished-at="2021-08-10T01:23:33 EEST" duration-ms="31232">
      <class name="tests.PlaygroundGridTests">
        <test-method is-config="true" signature="setup()[pri:0, instance:tests.PlaygroundGridTests@3b94d659]" started-at="2021-08-10T01:23:02 EEST" name="setup" finished-at="2021-08-10T01:23:04 EEST" duration-ms="2498" status="PASS">
          <reporter-output>
          </reporter-output>
        </test-method> <!-- setup -->
        <test-method signature="test1()[pri:0, instance:tests.PlaygroundGridTests@3b94d659]" started-at="2021-08-10T01:23:04 EEST" name="test1" finished-at="2021-08-10T01:23:05 EEST" duration-ms="618" status="PASS">
          <reporter-output>
          </reporter-output>
        </test-method> <!-- test1 -->
        <test-method signature="test2()[pri:0, instance:tests.PlaygroundGridTests@3b94d659]" started-at="2021-08-10T01:23:05 EEST" name="test2" finished-at="2021-08-10T01:23:14 EEST" duration-ms="9041" status="PASS">
          <reporter-output>
          </reporter-output>
        </test-method> <!-- test2 -->
        <test-method signature="test3()[pri:0, instance:tests.PlaygroundGridTests@3b94d659]" started-at="2021-08-10T01:23:14 EEST" name="test3" finished-at="2021-08-10T01:23:15 EEST" duration-ms="1082" status="PASS">
          <reporter-output>
          </reporter-output>
        </test-method> <!-- test3 -->
        <test-method signature="test4()[pri:0, instance:tests.PlaygroundGridTests@3b94d659]" started-at="2021-08-10T01:23:15 EEST" name="test4" finished-at="2021-08-10T01:23:16 EEST" duration-ms="1067" status="PASS">
          <reporter-output>
          </reporter-output>
        </test-method> <!-- test4 -->
        <test-method signature="test5()[pri:0, instance:tests.PlaygroundGridTests@3b94d659]" started-at="2021-08-10T01:23:16 EEST" name="test5" finished-at="2021-08-10T01:23:26 EEST" duration-ms="9211" status="PASS">
          <reporter-output>
          </reporter-output>
        </test-method> <!-- test5 -->
        <test-method signature="test6()[pri:0, instance:tests.PlaygroundGridTests@3b94d659]" started-at="2021-08-10T01:23:26 EEST" name="test6" finished-at="2021-08-10T01:23:28 EEST" duration-ms="2592" status="PASS">
          <reporter-output>
          </reporter-output>
        </test-method> <!-- test6 -->
        <test-method is-config="true" signature="teardown()[pri:0, instance:tests.PlaygroundGridTests@3b94d659]" started-at="2021-08-10T01:23:28 EEST" name="teardown" finished-at="2021-08-10T01:23:33 EEST" duration-ms="5094" status="PASS">
          <reporter-output>
          </reporter-output>
        </test-method> <!-- teardown -->
      </class> <!-- tests.PlaygroundGridTests -->
    </test> <!-- Surefire test -->
  </suite> <!-- Surefire suite -->
</testng-results>
