<?xml version="1.0" encoding="UTF-8"?>
<testsuite xmlns:xsi="http://www.w3.org/2001/XMLSchema-instance" xsi:noNamespaceSchemaLocation="https://maven.apache.org/surefire/maven-surefire-plugin/xsd/surefire-test-report-3.0.xsd" version="3.0" name="tests.PlaygroundGridTests" time="31.548" tests="6" errors="0" skipped="0" failures="0">
  <properties>
[...]
</properties>
  <testcase name="test1" classname="tests.PlaygroundGridTests" time="0.612">
    <system-out><![CDATA[Page is opened.
starting validation of icon color
expected color is grey or rgba(199, 199, 199, 1)
starting validation of icon color
expected color is grey or rgba(199, 199, 199, 1)
starting validation of icon color
expected color is grey or rgba(199, 199, 199, 1)
starting validation of icon color
expected color is grey or rgba(199, 199, 199, 1)
starting validation of icon color
expected color is grey or rgba(199, 199, 199, 1)
starting validation of icon color
expected color is grey or rgba(199, 199, 199, 1)
starting validation of icon color
expected color is grey or rgba(199, 199, 199, 1)
starting validation of icon color
expected color is grey or rgba(199, 199, 199, 1)
starting validation of icon color
expected color is grey or rgba(199, 199, 199, 1)
starting validation of icon color
expected color is grey or rgba(199, 199, 199, 1)
starting validation of icon color
expected color is grey or rgba(199, 199, 199, 1)
starting validation of icon color
expected color is grey or rgba(199, 199, 199, 1)
starting validation of icon color
expected color is grey or rgba(199, 199, 199, 1)
starting validation of icon color
expected color is grey or rgba(199, 199, 199, 1)
starting validation of icon color
expected color is grey or rgba(199, 199, 199, 1)
starting validation of icon color
expected color is grey or rgba(199, 199, 199, 1)
starting validation of grid size
actual number of icons in grid: 16 expected number of icons in grid:: 16
actual number of icons in row: 4 expected number of icons in row:: 4
starting validation of icon color
actual color for icon with rowNumber 1 columnNumber 1 is rgba(255, 27, 58, 1)
expected color is red or rgba(255, 27, 58, 1)
starting validation of icon color
actual color for icon with rowNumber 1 columnNumber 2 is rgba(199, 199, 199, 1)
expected color is rgba(199, 199, 199, 1)
]]></system-out>
    <system-err><![CDATA[Starting ChromeDriver 92.0.4515.107 (87a818b10553a07434ea9e2b6dccf3cbe7895134-refs/branch-heads/4515@{#1634}) on port 41112
Only local connections are allowed.
Please see https://chromedriver.chromium.org/security-considerations for suggestions on keeping ChromeDriver safe.
ChromeDriver was started successfully.
Aug 10, 2021 1:23:04 AM org.openqa.selenium.remote.ProtocolHandshake createSession
INFO: Detected dialect: W3C
]]></system-err>
  </testcase>
  <testcase name="test2" classname="tests.PlaygroundGridTests" time="9.053">
    <system-out><![CDATA[Page is opened.
starting validation of icon color
expected color is grey or rgba(199, 199, 199, 1)
starting validation of icon color
expected color is grey or rgba(199, 199, 199, 1)
starting validation of icon color
expected color is grey or rgba(199, 199, 199, 1)
starting validation of icon color
expected color is grey or rgba(199, 199, 199, 1)
starting validation of icon color
expected color is grey or rgba(199, 199, 199, 1)
starting validation of icon color
expected color is grey or rgba(199, 199, 199, 1)
starting validation of icon color
expected color is grey or rgba(199, 199, 199, 1)
starting validation of icon color
expected color is grey or rgba(199, 199, 199, 1)
starting validation of icon color
expected color is grey or rgba(199, 199, 199, 1)
starting validation of icon color
expected color is grey or rgba(199, 199, 199, 1)
starting validation of icon color
expected color is grey or rgba(199, 199, 199, 1)
starting validation of icon color
expected color is grey or rgba(199, 199, 199, 1)
starting validation of icon color
expected color is grey or rgba(199, 199, 199, 1)
starting validation of icon color
expected color is grey or rgba(199, 199, 199, 1)
starting validation of icon color
expected color is grey or rgba(199, 199, 199, 1)
starting validation of icon color
expected color is grey or rgba(199, 199, 199, 1)
starting validation of icon color
expected color is grey or rgba(199, 199, 199, 1)
starting validation of icon color
expected color is grey or rgba(199, 199, 199, 1)
starting validation of icon color
expected color is grey or rgba(199, 199, 199, 1)
starting validation of icon color
expected color is grey or rgba(199, 199, 199, 1)
starting validation of icon color
expected color is grey or rgba(199, 199, 199, 1)
starting validation of icon color
expected color is grey or rgba(199, 199, 199, 1)
starting validation of icon color
expected color is grey or rgba(199, 199, 199, 1)
starting validation of icon color
expected color is grey or rgba(199, 199, 199, 1)
starting validation of icon color
expected color is grey or rgba(199, 199, 199, 1)
starting validation of grid size
actual number of icons in grid: 9 expected number of icons in grid:: 9
actual number of icons in row: 3 expected number of icons in row:: 3
Page is opened.
starting validation of icon color
expected color is grey or rgba(199, 199, 199, 1)
starting validation of icon color
expected color is grey or rgba(199, 199, 199, 1)
starting validation of icon color
expected color is grey or rgba(199, 199, 199, 1)
starting validation of icon color
expected color is grey or rgba(199, 199, 199, 1)
starting validation of icon color
expected color is grey or rgba(199, 199, 199, 1)
starting validation of icon color
expected color is grey or rgba(199, 199, 199, 1)
starting validation of icon color
expected color is grey or rgba(199, 199, 199, 1)
starting validation of icon color
expected color is grey or rgba(199, 199, 199, 1)
starting validation of icon color
expected color is grey or rgba(199, 199, 199, 1)
starting validation of icon color
expected color is grey or rgba(199, 199, 199, 1)
starting validation of icon color
expected color is grey or rgba(199, 199, 199, 1)
starting validation of icon color
expected color is grey or rgba(199, 199, 199, 1)
starting validation of icon color
expected color is grey or rgba(199, 199, 199, 1)
starting validation of icon color
expected color is grey or rgba(199, 199, 199, 1)
starting validation of icon color
expected color is grey or rgba(199, 199, 199, 1)
starting validation of icon color
expected color is grey or rgba(199, 199, 199, 1)
starting validation of icon color
expected color is grey or rgba(199, 199, 199, 1)
starting validation of icon color
expected color is grey or rgba(199, 199, 199, 1)
starting validation of icon color
expected color is grey or rgba(199, 199, 199, 1)
starting validation of icon color
expected color is grey or rgba(199, 199, 199, 1)
starting validation of icon color
expected color is grey or rgba(199, 199, 199, 1)
starting validation of icon color
expected color is grey or rgba(199, 199, 199, 1)
starting validation of icon color
expected color is grey or rgba(199, 199, 199, 1)
starting validation of icon color
expected color is grey or rgba(199, 199, 199, 1)
starting validation of icon color
expected color is grey or rgba(199, 199, 199, 1)
starting validation of icon color
expected color is grey or rgba(199, 199, 199, 1)
starting validation of icon color
expected color is grey or rgba(199, 199, 199, 1)
starting validation of icon color
expected color is grey or rgba(199, 199, 199, 1)
starting validation of icon color
expected color is grey or rgba(199, 199, 199, 1)
starting validation of icon color
expected color is grey or rgba(199, 199, 199, 1)
starting validation of icon color
expected color is grey or rgba(199, 199, 199, 1)
starting validation of icon color
expected color is grey or rgba(199, 199, 199, 1)
starting validation of grid size
actual number of icons in grid: 16 expected number of icons in grid:: 16
actual number of icons in row: 4 expected number of icons in row:: 4
Page is opened.
starting validation of icon color
expected color is grey or rgba(199, 199, 199, 1)
starting validation of icon color
expected color is grey or rgba(199, 199, 199, 1)
starting validation of icon color
expected color is grey or rgba(199, 199, 199, 1)
starting validation of icon color
expected color is grey or rgba(199, 199, 199, 1)
starting validation of icon color
expected color is grey or rgba(199, 199, 199, 1)
starting validation of icon color
expected color is grey or rgba(199, 199, 199, 1)
starting validation of icon color
expected color is grey or rgba(199, 199, 199, 1)
starting validation of icon color
expected color is grey or rgba(199, 199, 199, 1)
starting validation of icon color
expected color is grey or rgba(199, 199, 199, 1)
starting validation of icon color
expected color is grey or rgba(199, 199, 199, 1)
starting validation of icon color
expected color is grey or rgba(199, 199, 199, 1)
starting validation of icon color
expected color is grey or rgba(199, 199, 199, 1)
starting validation of icon color
expected color is grey or rgba(199, 199, 199, 1)
starting validation of icon color
expected color is grey or rgba(199, 199, 199, 1)
starting validation of icon color
expected color is grey or rgba(199, 199, 199, 1)
starting validation of icon color
expected color is grey or rgba(199, 199, 199, 1)
starting validation of icon color
expected color is grey or rgba(199, 199, 199, 1)
starting validation of icon color
expected color is grey or rgba(199, 199, 199, 1)
starting validation of icon color
expected color is grey or rgba(199, 199, 199, 1)
starting validation of icon color
expected color is grey or rgba(199, 199, 199, 1)
starting validation of icon color
expected color is grey or rgba(199, 199, 199, 1)
starting validation of icon color
expected color is grey or rgba(199, 199, 199, 1)
starting validation of icon color
expected color is grey or rgba(199, 199, 199, 1)
starting validation of icon color
expected color is grey or rgba(199, 199, 199, 1)
starting validation of icon color
expected color is grey or rgba(199, 199, 199, 1)
starting validation of icon color
expected color is grey or rgba(199, 199, 199, 1)
starting validation of icon color
expected color is grey or rgba(199, 199, 199, 1)
starting validation of icon color
expected color is grey or rgba(199, 199, 199, 1)
starting validation of icon color
expected color is grey or rgba(199, 199, 199, 1)
starting validation of icon color
expected color is grey or rgba(199, 199, 199, 1)
starting validation of icon color
expected color is grey or rgba(199, 199, 199, 1)
starting validation of icon color
expected color is grey or rgba(199, 199, 199, 1)
starting validation of icon color
expected color is grey or rgba(199, 199, 199, 1)
starting validation of icon color
expected color is grey or rgba(199, 199, 199, 1)
starting validation of icon color
expected color is grey or rgba(199, 199, 199, 1)
starting validation of icon color
expected color is grey or rgba(199, 199, 199, 1)
starting validation of icon color
expected color is grey or rgba(199, 199, 199, 1)
starting validation of icon color
expected color is grey or rgba(199, 199, 199, 1)
starting validation of icon color
expected color is grey or rgba(199, 199, 199, 1)
starting validation of icon color
expected color is grey or rgba(199, 199, 199, 1)
starting validation of icon color
expected color is grey or rgba(199, 199, 199, 1)
starting validation of grid size
actual number of icons in grid: 25 expected number of icons in grid:: 25
actual number of icons in row: 5 expected number of icons in row:: 5
Page is opened.
starting validation of icon color
expected color is grey or rgba(199, 199, 199, 1)
starting validation of icon color
expected color is grey or rgba(199, 199, 199, 1)
starting validation of icon color
expected color is grey or rgba(199, 199, 199, 1)
starting validation of icon color
expected color is grey or rgba(199, 199, 199, 1)
starting validation of icon color
expected color is grey or rgba(199, 199, 199, 1)
starting validation of icon color
expected color is grey or rgba(199, 199, 199, 1)
starting validation of icon color
expected color is grey or rgba(199, 199, 199, 1)
starting validation of icon color
expected color is grey or rgba(199, 199, 199, 1)
starting validation of icon color
expected color is grey or rgba(199, 199, 199, 1)
starting validation of icon color
expected color is grey or rgba(199, 199, 199, 1)
starting validation of icon color
expected color is grey or rgba(199, 199, 199, 1)
starting validation of icon color
expected color is grey or rgba(199, 199, 199, 1)
starting validation of icon color
expected color is grey or rgba(199, 199, 199, 1)
starting validation of icon color
expected color is grey or rgba(199, 199, 199, 1)
starting validation of icon color
expected color is grey or rgba(199, 199, 199, 1)
starting validation of icon color
expected color is grey or rgba(199, 199, 199, 1)
starting validation of icon color
expected color is grey or rgba(199, 199, 199, 1)
starting validation of icon color
expected color is grey or rgba(199, 199, 199, 1)
starting validation of icon color
expected color is grey or rgba(199, 199, 199, 1)
starting validation of icon color
expected color is grey or rgba(199, 199, 199, 1)
starting validation of icon color
expected color is grey or rgba(199, 199, 199, 1)
starting validation of icon color
expected color is grey or rgba(199, 199, 199, 1)
starting validation of icon color
expected color is grey or rgba(199, 199, 199, 1)
starting validation of icon color
expected color is grey or rgba(199, 199, 199, 1)
starting validation of icon color
expected color is grey or rgba(199, 199, 199, 1)
starting validation of icon color
expected color is grey or rgba(199, 199, 199, 1)
starting validation of icon color
expected color is grey or rgba(199, 199, 199, 1)
starting validation of icon color
expected color is grey or rgba(199, 199, 199, 1)
starting validation of icon color
expected color is grey or rgba(199, 199, 199, 1)
starting validation of icon color
expected color is grey or rgba(199, 199, 199, 1)
starting validation of icon color
expected color is grey or rgba(199, 199, 199, 1)
starting validation of icon color
expected color is grey or rgba(199, 199, 199, 1)
starting validation of icon color
expected color is grey or rgba(199, 199, 199, 1)
starting validation of icon color
expected color is grey or rgba(199, 199, 199, 1)
starting validation of icon color
expected color is grey or rgba(199, 199, 199, 1)
starting validation of icon color
expected color is grey or rgba(199, 199, 199, 1)
starting validation of icon color
expected color is grey or rgba(199, 199, 199, 1)
starting validation of icon color
expected color is grey or rgba(199, 199, 199, 1)
starting validation of icon color
expected color is grey or rgba(199, 199, 199, 1)
starting validation of icon color
expected color is grey or rgba(199, 199, 199, 1)
starting validation of icon color
expected color is grey or rgba(199, 199, 199, 1)
starting validation of icon color
expected color is grey or rgba(199, 199, 199, 1)
starting validation of icon color
expected color is grey or rgba(199, 199, 199, 1)
starting validation of icon color
expected color is grey or rgba(199, 199, 199, 1)
starting validation of icon color
expected color is grey or rgba(199, 199, 199, 1)
starting validation of icon color
expected color is grey or rgba(199, 199, 199, 1)
starting validation of icon color
expected color is grey or rgba(199, 199, 199, 1)
starting validation of icon color
expected color is grey or rgba(199, 199, 199, 1)
starting validation of icon color
expected color is grey or rgba(199, 199, 199, 1)
starting validation of icon color
expected color is grey or rgba(199, 199, 199, 1)
starting validation of icon color
expected color is grey or rgba(199, 199, 199, 1)
starting validation of icon color
expected color is grey or rgba(199, 199, 199, 1)
starting validation of grid size
actual number of icons in grid: 36 expected number of icons in grid:: 36
actual number of icons in row: 6 expected number of icons in row:: 6
Page is opened.
starting validation of icon color
expected color is grey or rgba(199, 199, 199, 1)
starting validation of icon color
expected color is grey or rgba(199, 199, 199, 1)
starting validation of icon color
expected color is grey or rgba(199, 199, 199, 1)
starting validation of icon color
expected color is grey or rgba(199, 199, 199, 1)
starting validation of icon color
expected color is grey or rgba(199, 199, 199, 1)
starting validation of icon color
expected color is grey or rgba(199, 199, 199, 1)
starting validation of icon color
expected color is grey or rgba(199, 199, 199, 1)
starting validation of icon color
expected color is grey or rgba(199, 199, 199, 1)
starting validation of icon color
expected color is grey or rgba(199, 199, 199, 1)
starting validation of icon color
expected color is grey or rgba(199, 199, 199, 1)
starting validation of icon color
expected color is grey or rgba(199, 199, 199, 1)
starting validation of icon color
expected color is grey or rgba(199, 199, 199, 1)
starting validation of icon color
expected color is grey or rgba(199, 199, 199, 1)
starting validation of icon color
expected color is grey or rgba(199, 199, 199, 1)
starting validation of icon color
expected color is grey or rgba(199, 199, 199, 1)
starting validation of icon color
expected color is grey or rgba(199, 199, 199, 1)
starting validation of icon color
expected color is grey or rgba(199, 199, 199, 1)
starting validation of icon color
expected color is grey or rgba(199, 199, 199, 1)
starting validation of icon color
expected color is grey or rgba(199, 199, 199, 1)
starting validation of icon color
expected color is grey or rgba(199, 199, 199, 1)
starting validation of icon color
expected color is grey or rgba(199, 199, 199, 1)
starting validation of icon color
expected color is grey or rgba(199, 199, 199, 1)
starting validation of icon color
expected color is grey or rgba(199, 199, 199, 1)
starting validation of icon color
expected color is grey or rgba(199, 199, 199, 1)
starting validation of icon color
expected color is grey or rgba(199, 199, 199, 1)
starting validation of icon color
expected color is grey or rgba(199, 199, 199, 1)
starting validation of icon color
expected color is grey or rgba(199, 199, 199, 1)
starting validation of icon color
expected color is grey or rgba(199, 199, 199, 1)
starting validation of icon color
expected color is grey or rgba(199, 199, 199, 1)
starting validation of icon color
expected color is grey or rgba(199, 199, 199, 1)
starting validation of icon color
expected color is grey or rgba(199, 199, 199, 1)
starting validation of icon color
expected color is grey or rgba(199, 199, 199, 1)
starting validation of icon color
expected color is grey or rgba(199, 199, 199, 1)
starting validation of icon color
expected color is grey or rgba(199, 199, 199, 1)
starting validation of icon color
expected color is grey or rgba(199, 199, 199, 1)
starting validation of icon color
expected color is grey or rgba(199, 199, 199, 1)
starting validation of icon color
expected color is grey or rgba(199, 199, 199, 1)
starting validation of icon color
expected color is grey or rgba(199, 199, 199, 1)
starting validation of icon color
expected color is grey or rgba(199, 199, 199, 1)
starting validation of icon color
expected color is grey or rgba(199, 199, 199, 1)
starting validation of icon color
expected color is grey or rgba(199, 199, 199, 1)
starting validation of icon color
expected color is grey or rgba(199, 199, 199, 1)
starting validation of icon color
expected color is grey or rgba(199, 199, 199, 1)
starting validation of icon color
expected color is grey or rgba(199, 199, 199, 1)
starting validation of icon color
expected color is grey or rgba(199, 199, 199, 1)
starting validation of icon color
expected color is grey or rgba(199, 199, 199, 1)
starting validation of icon color
expected color is grey or rgba(199, 199, 199, 1)
starting validation of icon color
expected color is grey or rgba(199, 199, 199, 1)
starting validation of icon color
expected color is grey or rgba(199, 199, 199, 1)
starting validation of icon color
expected color is grey or rgba(199, 199, 199, 1)
starting validation of icon color
expected color is grey or rgba(199, 199, 199, 1)
starting validation of icon color
expected color is grey or rgba(199, 199, 199, 1)
starting validation of icon color
expected color is grey or rgba(199, 199, 199, 1)
starting validation of icon color
expected color is grey or rgba(199, 199, 199, 1)
starting validation of icon color
expected color is grey or rgba(199, 199, 199, 1)
starting validation of icon color
expected color is grey or rgba(199, 199, 199, 1)
starting validation of icon color
expected color is grey or rgba(199, 199, 199, 1)
starting validation of icon color
expected color is grey or rgba(199, 199, 199, 1)
starting validation of icon color
expected color is grey or rgba(199, 199, 199, 1)
starting validation of icon color
expected color is grey or rgba(199, 199, 199, 1)
starting validation of icon color
expected color is grey or rgba(199, 199, 199, 1)
starting validation of icon color
expected color is grey or rgba(199, 199, 199, 1)
starting validation of icon color
expected color is grey or rgba(199, 199, 199, 1)
starting validation of icon color
expected color is grey or rgba(199, 199, 199, 1)
starting validation of icon color
expected color is grey or rgba(199, 199, 199, 1)
starting validation of grid size
actual number of icons in grid: 49 expected number of icons in grid:: 49
actual number of icons in row: 7 expected number of icons in row:: 7
Page is opened.
starting validation of icon color
expected color is grey or rgba(199, 199, 199, 1)
starting validation of icon color
expected color is grey or rgba(199, 199, 199, 1)
starting validation of icon color
expected color is grey or rgba(199, 199, 199, 1)
starting validation of icon color
expected color is grey or rgba(199, 199, 199, 1)
starting validation of icon color
expected color is grey or rgba(199, 199, 199, 1)
starting validation of icon color
expected color is grey or rgba(199, 199, 199, 1)
starting validation of icon color
expected color is grey or rgba(199, 199, 199, 1)
starting validation of icon color
expected color is grey or rgba(199, 199, 199, 1)
starting validation of icon color
expected color is grey or rgba(199, 199, 199, 1)
starting validation of icon color
expected color is grey or rgba(199, 199, 199, 1)
starting validation of icon color
expected color is grey or rgba(199, 199, 199, 1)
starting validation of icon color
expected color is grey or rgba(199, 199, 199, 1)
starting validation of icon color
expected color is grey or rgba(199, 199, 199, 1)
starting validation of icon color
expected color is grey or rgba(199, 199, 199, 1)
starting validation of icon color
expected color is grey or rgba(199, 199, 199, 1)
starting validation of icon color
expected color is grey or rgba(199, 199, 199, 1)
starting validation of icon color
expected color is grey or rgba(199, 199, 199, 1)
starting validation of icon color
expected color is grey or rgba(199, 199, 199, 1)
starting validation of icon color
expected color is grey or rgba(199, 199, 199, 1)
starting validation of icon color
expected color is grey or rgba(199, 199, 199, 1)
starting validation of icon color
expected color is grey or rgba(199, 199, 199, 1)
starting validation of icon color
expected color is grey or rgba(199, 199, 199, 1)
starting validation of icon color
expected color is grey or rgba(199, 199, 199, 1)
starting validation of icon color
expected color is grey or rgba(199, 199, 199, 1)
starting validation of icon color
expected color is grey or rgba(199, 199, 199, 1)
starting validation of icon color
expected color is grey or rgba(199, 199, 199, 1)
starting validation of icon color
expected color is grey or rgba(199, 199, 199, 1)
starting validation of icon color
expected color is grey or rgba(199, 199, 199, 1)
starting validation of icon color
expected color is grey or rgba(199, 199, 199, 1)
starting validation of icon color
expected color is grey or rgba(199, 199, 199, 1)
starting validation of icon color
expected color is grey or rgba(199, 199, 199, 1)
starting validation of icon color
expected color is grey or rgba(199, 199, 199, 1)
starting validation of icon color
expected color is grey or rgba(199, 199, 199, 1)
starting validation of icon color
expected color is grey or rgba(199, 199, 199, 1)
starting validation of icon color
expected color is grey or rgba(199, 199, 199, 1)
starting validation of icon color
expected color is grey or rgba(199, 199, 199, 1)
starting validation of icon color
expected color is grey or rgba(199, 199, 199, 1)
starting validation of icon color
expected color is grey or rgba(199, 199, 199, 1)
starting validation of icon color
expected color is grey or rgba(199, 199, 199, 1)
starting validation of icon color
expected color is grey or rgba(199, 199, 199, 1)
starting validation of icon color
expected color is grey or rgba(199, 199, 199, 1)
starting validation of icon color
expected color is grey or rgba(199, 199, 199, 1)
starting validation of icon color
expected color is grey or rgba(199, 199, 199, 1)
starting validation of icon color
expected color is grey or rgba(199, 199, 199, 1)
starting validation of icon color
expected color is grey or rgba(199, 199, 199, 1)
starting validation of icon color
expected color is grey or rgba(199, 199, 199, 1)
starting validation of icon color
expected color is grey or rgba(199, 199, 199, 1)
starting validation of icon color
expected color is grey or rgba(199, 199, 199, 1)
starting validation of icon color
expected color is grey or rgba(199, 199, 199, 1)
starting validation of icon color
expected color is grey or rgba(199, 199, 199, 1)
starting validation of icon color
expected color is grey or rgba(199, 199, 199, 1)
starting validation of icon color
expected color is grey or rgba(199, 199, 199, 1)
starting validation of icon color
expected color is grey or rgba(199, 199, 199, 1)
starting validation of icon color
expected color is grey or rgba(199, 199, 199, 1)
starting validation of icon color
expected color is grey or rgba(199, 199, 199, 1)
starting validation of icon color
expected color is grey or rgba(199, 199, 199, 1)
starting validation of icon color
expected color is grey or rgba(199, 199, 199, 1)
starting validation of icon color
expected color is grey or rgba(199, 199, 199, 1)
starting validation of icon color
expected color is grey or rgba(199, 199, 199, 1)
starting validation of icon color
expected color is grey or rgba(199, 199, 199, 1)
starting validation of icon color
expected color is grey or rgba(199, 199, 199, 1)
starting validation of icon color
expected color is grey or rgba(199, 199, 199, 1)
starting validation of icon color
expected color is grey or rgba(199, 199, 199, 1)
starting validation of icon color
expected color is grey or rgba(199, 199, 199, 1)
starting validation of icon color
expected color is grey or rgba(199, 199, 199, 1)
starting validation of icon color
expected color is grey or rgba(199, 199, 199, 1)
starting validation of icon color
expected color is grey or rgba(199, 199, 199, 1)
starting validation of icon color
expected color is grey or rgba(199, 199, 199, 1)
starting validation of icon color
expected color is grey or rgba(199, 199, 199, 1)
starting validation of icon color
expected color is grey or rgba(199, 199, 199, 1)
starting validation of icon color
expected color is grey or rgba(199, 199, 199, 1)
starting validation of icon color
expected color is grey or rgba(199, 199, 199, 1)
starting validation of icon color
expected color is grey or rgba(199, 199, 199, 1)
starting validation of icon color
expected color is grey or rgba(199, 199, 199, 1)
starting validation of icon color
expected color is grey or rgba(199, 199, 199, 1)
starting validation of icon color
expected color is grey or rgba(199, 199, 199, 1)
starting validation of icon color
expected color is grey or rgba(199, 199, 199, 1)
starting validation of icon color
expected color is grey or rgba(199, 199, 199, 1)
starting validation of icon color
expected color is grey or rgba(199, 199, 199, 1)
starting validation of icon color
expected color is grey or rgba(199, 199, 199, 1)
starting validation of grid size
actual number of icons in grid: 64 expected number of icons in grid:: 64
actual number of icons in row: 8 expected number of icons in row:: 8
Page is opened.
starting validation of icon color
expected color is grey or rgba(199, 199, 199, 1)
starting validation of icon color
expected color is grey or rgba(199, 199, 199, 1)
starting validation of icon color
expected color is grey or rgba(199, 199, 199, 1)
starting validation of icon color
expected color is grey or rgba(199, 199, 199, 1)
starting validation of icon color
expected color is grey or rgba(199, 199, 199, 1)
starting validation of icon color
expected color is grey or rgba(199, 199, 199, 1)
starting validation of icon color
expected color is grey or rgba(199, 199, 199, 1)
starting validation of icon color
expected color is grey or rgba(199, 199, 199, 1)
starting validation of icon color
expected color is grey or rgba(199, 199, 199, 1)
starting validation of icon color
expected color is grey or rgba(199, 199, 199, 1)
starting validation of icon color
expected color is grey or rgba(199, 199, 199, 1)
starting validation of icon color
expected color is grey or rgba(199, 199, 199, 1)
starting validation of icon color
expected color is grey or rgba(199, 199, 199, 1)
starting validation of icon color
expected color is grey or rgba(199, 199, 199, 1)
starting validation of icon color
expected color is grey or rgba(199, 199, 199, 1)
starting validation of icon color
expected color is grey or rgba(199, 199, 199, 1)
starting validation of icon color
expected color is grey or rgba(199, 199, 199, 1)
starting validation of icon color
expected color is grey or rgba(199, 199, 199, 1)
starting validation of icon color
expected color is grey or rgba(199, 199, 199, 1)
starting validation of icon color
expected color is grey or rgba(199, 199, 199, 1)
starting validation of icon color
expected color is grey or rgba(199, 199, 199, 1)
starting validation of icon color
expected color is grey or rgba(199, 199, 199, 1)
starting validation of icon color
expected color is grey or rgba(199, 199, 199, 1)
starting validation of icon color
expected color is grey or rgba(199, 199, 199, 1)
starting validation of icon color
expected color is grey or rgba(199, 199, 199, 1)
starting validation of icon color
expected color is grey or rgba(199, 199, 199, 1)
starting validation of icon color
expected color is grey or rgba(199, 199, 199, 1)
starting validation of icon color
expected color is grey or rgba(199, 199, 199, 1)
starting validation of icon color
expected color is grey or rgba(199, 199, 199, 1)
starting validation of icon color
expected color is grey or rgba(199, 199, 199, 1)
starting validation of icon color
expected color is grey or rgba(199, 199, 199, 1)
starting validation of icon color
expected color is grey or rgba(199, 199, 199, 1)
starting validation of icon color
expected color is grey or rgba(199, 199, 199, 1)
starting validation of icon color
expected color is grey or rgba(199, 199, 199, 1)
starting validation of icon color
expected color is grey or rgba(199, 199, 199, 1)
starting validation of icon color
expected color is grey or rgba(199, 199, 199, 1)
starting validation of icon color
expected color is grey or rgba(199, 199, 199, 1)
starting validation of icon color
expected color is grey or rgba(199, 199, 199, 1)
starting validation of icon color
expected color is grey or rgba(199, 199, 199, 1)
starting validation of icon color
expected color is grey or rgba(199, 199, 199, 1)
starting validation of icon color
expected color is grey or rgba(199, 199, 199, 1)
starting validation of icon color
expected color is grey or rgba(199, 199, 199, 1)
starting validation of icon color
expected color is grey or rgba(199, 199, 199, 1)
starting validation of icon color
expected color is grey or rgba(199, 199, 199, 1)
starting validation of icon color
expected color is grey or rgba(199, 199, 199, 1)
starting validation of icon color
expected color is grey or rgba(199, 199, 199, 1)
starting validation of icon color
expected color is grey or rgba(199, 199, 199, 1)
starting validation of icon color
expected color is grey or rgba(199, 199, 199, 1)
starting validation of icon color
expected color is grey or rgba(199, 199, 199, 1)
starting validation of icon color
expected color is grey or rgba(199, 199, 199, 1)
starting validation of icon color
expected color is grey or rgba(199, 199, 199, 1)
starting validation of icon color
expected color is grey or rgba(199, 199, 199, 1)
starting validation of icon color
expected color is grey or rgba(199, 199, 199, 1)
starting validation of icon color
expected color is grey or rgba(199, 199, 199, 1)
starting validation of icon color
expected color is grey or rgba(199, 199, 199, 1)
starting validation of icon color
expected color is grey or rgba(199, 199, 199, 1)
starting validation of icon color
expected color is grey or rgba(199, 199, 199, 1)
starting validation of icon color
expected color is grey or rgba(199, 199, 199, 1)
starting validation of icon color
expected color is grey or rgba(199, 199, 199, 1)
starting validation of icon color
expected color is grey or rgba(199, 199, 199, 1)
starting validation of icon color
expected color is grey or rgba(199, 199, 199, 1)
starting validation of icon color
expected color is grey or rgba(199, 199, 199, 1)
starting validation of icon color
expected color is grey or rgba(199, 199, 199, 1)
starting validation of icon color
expected color is grey or rgba(199, 199, 199, 1)
starting validation of icon color
expected color is grey or rgba(199, 199, 199, 1)
starting validation of icon color
expected color is grey or rgba(199, 199, 199, 1)
starting validation of icon color
expected color is grey or rgba(199, 199, 199, 1)
starting validation of icon color
expected color is grey or rgba(199, 199, 199, 1)
starting validation of icon color
expected color is grey or rgba(199, 199, 199, 1)
starting validation of icon color
expected color is grey or rgba(199, 199, 199, 1)
starting validation of icon color
expected color is grey or rgba(199, 199, 199, 1)
starting validation of icon color
expected color is grey or rgba(199, 199, 199, 1)
starting validation of icon color
expected color is grey or rgba(199, 199, 199, 1)
starting validation of icon color
expected color is grey or rgba(199, 199, 199, 1)
starting validation of icon color
expected color is grey or rgba(199, 199, 199, 1)
starting validation of icon color
expected color is grey or rgba(199, 199, 199, 1)
starting validation of icon color
expected color is grey or rgba(199, 199, 199, 1)
starting validation of icon color
expected color is grey or rgba(199, 199, 199, 1)
starting validation of icon color
expected color is grey or rgba(199, 199, 199, 1)
starting validation of icon color
expected color is grey or rgba(199, 199, 199, 1)
starting validation of icon color
expected color is grey or rgba(199, 199, 199, 1)
starting validation of icon color
expected color is grey or rgba(199, 199, 199, 1)
starting validation of icon color
expected color is grey or rgba(199, 199, 199, 1)
starting validation of icon color
expected color is grey or rgba(199, 199, 199, 1)
starting validation of icon color
expected color is grey or rgba(199, 199, 199, 1)
starting validation of icon color
expected color is grey or rgba(199, 199, 199, 1)
starting validation of icon color
expected color is grey or rgba(199, 199, 199, 1)
starting validation of icon color
expected color is grey or rgba(199, 199, 199, 1)
starting validation of icon color
expected color is grey or rgba(199, 199, 199, 1)
starting validation of icon color
expected color is grey or rgba(199, 199, 199, 1)
starting validation of icon color
expected color is grey or rgba(199, 199, 199, 1)
starting validation of icon color
expected color is grey or rgba(199, 199, 199, 1)
starting validation of icon color
expected color is grey or rgba(199, 199, 199, 1)
starting validation of icon color
expected color is grey or rgba(199, 199, 199, 1)
starting validation of icon color
expected color is grey or rgba(199, 199, 199, 1)
starting validation of icon color
expected color is grey or rgba(199, 199, 199, 1)
starting validation of icon color
expected color is grey or rgba(199, 199, 199, 1)
starting validation of grid size
actual number of icons in grid: 81 expected number of icons in grid:: 81
actual number of icons in row: 9 expected number of icons in row:: 9
]]></system-out>
  </testcase>
  <testcase name="test3" classname="tests.PlaygroundGridTests" time="1.068">
    <system-out><![CDATA[Page is opened.
starting validation of icon color
expected color is grey or rgba(199, 199, 199, 1)
starting validation of icon color
expected color is grey or rgba(199, 199, 199, 1)
starting validation of icon color
expected color is grey or rgba(199, 199, 199, 1)
starting validation of icon color
expected color is grey or rgba(199, 199, 199, 1)
starting validation of icon color
expected color is grey or rgba(199, 199, 199, 1)
starting validation of icon color
expected color is grey or rgba(199, 199, 199, 1)
starting validation of icon color
expected color is grey or rgba(199, 199, 199, 1)
starting validation of icon color
expected color is grey or rgba(199, 199, 199, 1)
starting validation of icon color
expected color is grey or rgba(199, 199, 199, 1)
starting validation of icon color
expected color is grey or rgba(199, 199, 199, 1)
starting validation of icon color
expected color is grey or rgba(199, 199, 199, 1)
starting validation of icon color
expected color is grey or rgba(199, 199, 199, 1)
starting validation of icon color
expected color is grey or rgba(199, 199, 199, 1)
starting validation of icon color
expected color is grey or rgba(199, 199, 199, 1)
starting validation of icon color
expected color is grey or rgba(199, 199, 199, 1)
starting validation of icon color
expected color is grey or rgba(199, 199, 199, 1)
starting validation of icon color
expected color is grey or rgba(199, 199, 199, 1)
starting validation of icon color
expected color is grey or rgba(199, 199, 199, 1)
starting validation of icon color
expected color is grey or rgba(199, 199, 199, 1)
starting validation of icon color
expected color is grey or rgba(199, 199, 199, 1)
starting validation of icon color
expected color is grey or rgba(199, 199, 199, 1)
starting validation of icon color
expected color is grey or rgba(199, 199, 199, 1)
starting validation of icon color
expected color is grey or rgba(199, 199, 199, 1)
starting validation of icon color
expected color is grey or rgba(199, 199, 199, 1)
starting validation of icon color
expected color is grey or rgba(199, 199, 199, 1)
starting validation of icon color
expected color is grey or rgba(199, 199, 199, 1)
starting validation of icon color
expected color is grey or rgba(199, 199, 199, 1)
starting validation of icon color
expected color is grey or rgba(199, 199, 199, 1)
starting validation of icon color
expected color is grey or rgba(199, 199, 199, 1)
starting validation of icon color
expected color is grey or rgba(199, 199, 199, 1)
starting validation of icon color
expected color is grey or rgba(199, 199, 199, 1)
starting validation of icon color
expected color is grey or rgba(199, 199, 199, 1)
]]></system-out>
  </testcase>
  <testcase name="test4" classname="tests.PlaygroundGridTests" time="1.066">
    <system-out><![CDATA[Page is opened.
starting validation of icon color
expected color is grey or rgba(199, 199, 199, 1)
starting validation of icon color
expected color is grey or rgba(199, 199, 199, 1)
starting validation of icon color
expected color is grey or rgba(199, 199, 199, 1)
starting validation of icon color
expected color is grey or rgba(199, 199, 199, 1)
starting validation of icon color
expected color is grey or rgba(199, 199, 199, 1)
starting validation of icon color
expected color is grey or rgba(199, 199, 199, 1)
starting validation of icon color
expected color is grey or rgba(199, 199, 199, 1)
starting validation of icon color
expected color is grey or rgba(199, 199, 199, 1)
starting validation of icon color
expected color is grey or rgba(199, 199, 199, 1)
starting validation of icon color
expected color is grey or rgba(199, 199, 199, 1)
starting validation of icon color
expected color is grey or rgba(199, 199, 199, 1)
starting validation of icon color
expected color is grey or rgba(199, 199, 199, 1)
starting validation of icon color
expected color is grey or rgba(199, 199, 199, 1)
starting validation of icon color
expected color is grey or rgba(199, 199, 199, 1)
starting validation of icon color
expected color is grey or rgba(199, 199, 199, 1)
starting validation of icon color
expected color is grey or rgba(199, 199, 199, 1)
starting validation of icon color
expected color is grey or rgba(199, 199, 199, 1)
starting validation of icon color
expected color is grey or rgba(199, 199, 199, 1)
starting validation of icon color
expected color is grey or rgba(199, 199, 199, 1)
starting validation of icon color
expected color is grey or rgba(199, 199, 199, 1)
starting validation of icon color
expected color is grey or rgba(199, 199, 199, 1)
starting validation of icon color
expected color is grey or rgba(199, 199, 199, 1)
starting validation of icon color
expected color is grey or rgba(199, 199, 199, 1)
starting validation of icon color
expected color is grey or rgba(199, 199, 199, 1)
starting validation of icon color
expected color is grey or rgba(199, 199, 199, 1)
starting validation of grid size
actual number of icons in grid: 25 expected number of icons in grid:: 25
actual number of icons in row: 5 expected number of icons in row:: 5
]]></system-out>
  </testcase>
  <testcase name="test5" classname="tests.PlaygroundGridTests" time="9.215">
    <system-out><![CDATA[Page is opened.
starting validation of icon color
expected color is grey or rgba(199, 199, 199, 1)
starting validation of icon color
expected color is grey or rgba(199, 199, 199, 1)
starting validation of icon color
expected color is grey or rgba(199, 199, 199, 1)
starting validation of icon color
expected color is grey or rgba(199, 199, 199, 1)
starting validation of icon color
expected color is grey or rgba(199, 199, 199, 1)
starting validation of icon color
expected color is grey or rgba(199, 199, 199, 1)
starting validation of icon color
expected color is grey or rgba(199, 199, 199, 1)
starting validation of icon color
expected color is grey or rgba(199, 199, 199, 1)
starting validation of icon color
expected color is grey or rgba(199, 199, 199, 1)
starting validation of icon color
expected color is grey or rgba(199, 199, 199, 1)
starting validation of icon color
expected color is grey or rgba(199, 199, 199, 1)
starting validation of icon color
expected color is grey or rgba(199, 199, 199, 1)
starting validation of icon color
expected color is grey or rgba(199, 199, 199, 1)
starting validation of icon color
expected color is grey or rgba(199, 199, 199, 1)
starting validation of icon color
expected color is grey or rgba(199, 199, 199, 1)
starting validation of icon color
expected color is grey or rgba(199, 199, 199, 1)
starting validation of icon color
expected color is grey or rgba(199, 199, 199, 1)
starting validation of icon color
expected color is grey or rgba(199, 199, 199, 1)
starting validation of icon color
expected color is grey or rgba(199, 199, 199, 1)
starting validation of icon color
expected color is grey or rgba(199, 199, 199, 1)
starting validation of icon color
expected color is grey or rgba(199, 199, 199, 1)
starting validation of icon color
expected color is grey or rgba(199, 199, 199, 1)
starting validation of icon color
expected color is grey or rgba(199, 199, 199, 1)
starting validation of icon color
expected color is grey or rgba(199, 199, 199, 1)
starting validation of icon color
expected color is grey or rgba(199, 199, 199, 1)
starting validation of grid size
actual number of icons in grid: 9 expected number of icons in grid:: 9
actual number of icons in row: 3 expected number of icons in row:: 3
starting validation of icon color
expected color is grey or rgba(199, 199, 199, 1)
starting validation of icon color
expected color is grey or rgba(199, 199, 199, 1)
starting validation of icon color
expected color is grey or rgba(199, 199, 199, 1)
starting validation of icon color
expected color is grey or rgba(199, 199, 199, 1)
starting validation of icon color
expected color is grey or rgba(199, 199, 199, 1)
starting validation of icon color
expected color is grey or rgba(199, 199, 199, 1)
starting validation of icon color
expected color is grey or rgba(199, 199, 199, 1)
starting validation of icon color
expected color is grey or rgba(199, 199, 199, 1)
starting validation of icon color
expected color is grey or rgba(199, 199, 199, 1)
starting validation of icon color
expected color is grey or rgba(199, 199, 199, 1)
starting validation of icon color
expected color is grey or rgba(199, 199, 199, 1)
starting validation of icon color
expected color is grey or rgba(199, 199, 199, 1)
starting validation of icon color
expected color is grey or rgba(199, 199, 199, 1)
starting validation of icon color
expected color is grey or rgba(199, 199, 199, 1)
starting validation of icon color
expected color is grey or rgba(199, 199, 199, 1)
starting validation of icon color
expected color is grey or rgba(199, 199, 199, 1)
starting validation of grid size
actual number of icons in grid: 16 expected number of icons in grid:: 16
actual number of icons in row: 4 expected number of icons in row:: 4
starting validation of icon color
expected color is grey or rgba(199, 199, 199, 1)
starting validation of icon color
expected color is grey or rgba(199, 199, 199, 1)
starting validation of icon color
expected color is grey or rgba(199, 199, 199, 1)
starting validation of icon color
expected color is grey or rgba(199, 199, 199, 1)
starting validation of icon color
expected color is grey or rgba(199, 199, 199, 1)
starting validation of icon color
expected color is grey or rgba(199, 199, 199, 1)
starting validation of icon color
expected color is grey or rgba(199, 199, 199, 1)
starting validation of icon color
expected color is grey or rgba(199, 199, 199, 1)
starting validation of icon color
expected color is grey or rgba(199, 199, 199, 1)
starting validation of icon color
expected color is grey or rgba(199, 199, 199, 1)
starting validation of icon color
expected color is grey or rgba(199, 199, 199, 1)
starting validation of icon color
expected color is grey or rgba(199, 199, 199, 1)
starting validation of icon color
expected color is grey or rgba(199, 199, 199, 1)
starting validation of icon color
expected color is grey or rgba(199, 199, 199, 1)
starting validation of icon color
expected color is grey or rgba(199, 199, 199, 1)
starting validation of icon color
expected color is grey or rgba(199, 199, 199, 1)
starting validation of icon color
expected color is grey or rgba(199, 199, 199, 1)
starting validation of icon color
expected color is grey or rgba(199, 199, 199, 1)
starting validation of icon color
expected color is grey or rgba(199, 199, 199, 1)
starting validation of icon color
expected color is grey or rgba(199, 199, 199, 1)
starting validation of icon color
expected color is grey or rgba(199, 199, 199, 1)
starting validation of icon color
expected color is grey or rgba(199, 199, 199, 1)
starting validation of icon color
expected color is grey or rgba(199, 199, 199, 1)
starting validation of icon color
expected color is grey or rgba(199, 199, 199, 1)
starting validation of icon color
expected color is grey or rgba(199, 199, 199, 1)
starting validation of grid size
actual number of icons in grid: 25 expected number of icons in grid:: 25
actual number of icons in row: 5 expected number of icons in row:: 5
starting validation of icon color
expected color is grey or rgba(199, 199, 199, 1)
starting validation of icon color
expected color is grey or rgba(199, 199, 199, 1)
starting validation of icon color
expected color is grey or rgba(199, 199, 199, 1)
starting validation of icon color
expected color is grey or rgba(199, 199, 199, 1)
starting validation of icon color
expected color is grey or rgba(199, 199, 199, 1)
starting validation of icon color
expected color is grey or rgba(199, 199, 199, 1)
starting validation of icon color
expected color is grey or rgba(199, 199, 199, 1)
starting validation of icon color
expected color is grey or rgba(199, 199, 199, 1)
starting validation of icon color
expected color is grey or rgba(199, 199, 199, 1)
starting validation of icon color
expected color is grey or rgba(199, 199, 199, 1)
starting validation of icon color
expected color is grey or rgba(199, 199, 199, 1)
starting validation of icon color
expected color is grey or rgba(199, 199, 199, 1)
starting validation of icon color
expected color is grey or rgba(199, 199, 199, 1)
starting validation of icon color
expected color is grey or rgba(199, 199, 199, 1)
starting validation of icon color
expected color is grey or rgba(199, 199, 199, 1)
starting validation of icon color
expected color is grey or rgba(199, 199, 199, 1)
starting validation of icon color
expected color is grey or rgba(199, 199, 199, 1)
starting validation of icon color
expected color is grey or rgba(199, 199, 199, 1)
starting validation of icon color
expected color is grey or rgba(199, 199, 199, 1)
starting validation of icon color
expected color is grey or rgba(199, 199, 199, 1)
starting validation of icon color
expected color is grey or rgba(199, 199, 199, 1)
starting validation of icon color
expected color is grey or rgba(199, 199, 199, 1)
starting validation of icon color
expected color is grey or rgba(199, 199, 199, 1)
starting validation of icon color
expected color is grey or rgba(199, 199, 199, 1)
starting validation of icon color
expected color is grey or rgba(199, 199, 199, 1)
starting validation of icon color
expected color is grey or rgba(199, 199, 199, 1)
starting validation of icon color
expected color is grey or rgba(199, 199, 199, 1)
starting validation of icon color
expected color is grey or rgba(199, 199, 199, 1)
starting validation of icon color
expected color is grey or rgba(199, 199, 199, 1)
starting validation of icon color
expected color is grey or rgba(199, 199, 199, 1)
starting validation of icon color
expected color is grey or rgba(199, 199, 199, 1)
starting validation of icon color
expected color is grey or rgba(199, 199, 199, 1)
starting validation of icon color
expected color is grey or rgba(199, 199, 199, 1)
starting validation of icon color
expected color is grey or rgba(199, 199, 199, 1)
starting validation of icon color
expected color is grey or rgba(199, 199, 199, 1)
starting validation of icon color
expected color is grey or rgba(199, 199, 199, 1)
starting validation of grid size
actual number of icons in grid: 36 expected number of icons in grid:: 36
actual number of icons in row: 6 expected number of icons in row:: 6
starting validation of icon color
expected color is grey or rgba(199, 199, 199, 1)
starting validation of icon color
expected color is grey or rgba(199, 199, 199, 1)
starting validation of icon color
expected color is grey or rgba(199, 199, 199, 1)
starting validation of icon color
expected color is grey or rgba(199, 199, 199, 1)
starting validation of icon color
expected color is grey or rgba(199, 199, 199, 1)
starting validation of icon color
expected color is grey or rgba(199, 199, 199, 1)
starting validation of icon color
expected color is grey or rgba(199, 199, 199, 1)
starting validation of icon color
expected color is grey or rgba(199, 199, 199, 1)
starting validation of icon color
expected color is grey or rgba(199, 199, 199, 1)
starting validation of icon color
expected color is grey or rgba(199, 199, 199, 1)
starting validation of icon color
expected color is grey or rgba(199, 199, 199, 1)
starting validation of icon color
expected color is grey or rgba(199, 199, 199, 1)
starting validation of icon color
expected color is grey or rgba(199, 199, 199, 1)
starting validation of icon color
expected color is grey or rgba(199, 199, 199, 1)
starting validation of icon color
expected color is grey or rgba(199, 199, 199, 1)
starting validation of icon color
expected color is grey or rgba(199, 199, 199, 1)
starting validation of icon color
expected color is grey or rgba(199, 199, 199, 1)
starting validation of icon color
expected color is grey or rgba(199, 199, 199, 1)
starting validation of icon color
expected color is grey or rgba(199, 199, 199, 1)
starting validation of icon color
expected color is grey or rgba(199, 199, 199, 1)
starting validation of icon color
expected color is grey or rgba(199, 199, 199, 1)
starting validation of icon color
expected color is grey or rgba(199, 199, 199, 1)
starting validation of icon color
expected color is grey or rgba(199, 199, 199, 1)
starting validation of icon color
expected color is grey or rgba(199, 199, 199, 1)
starting validation of icon color
expected color is grey or rgba(199, 199, 199, 1)
starting validation of icon color
expected color is grey or rgba(199, 199, 199, 1)
starting validation of icon color
expected color is grey or rgba(199, 199, 199, 1)
starting validation of icon color
expected color is grey or rgba(199, 199, 199, 1)
starting validation of icon color
expected color is grey or rgba(199, 199, 199, 1)
starting validation of icon color
expected color is grey or rgba(199, 199, 199, 1)
starting validation of icon color
expected color is grey or rgba(199, 199, 199, 1)
starting validation of icon color
expected color is grey or rgba(199, 199, 199, 1)
starting validation of icon color
expected color is grey or rgba(199, 199, 199, 1)
starting validation of icon color
expected color is grey or rgba(199, 199, 199, 1)
starting validation of icon color
expected color is grey or rgba(199, 199, 199, 1)
starting validation of icon color
expected color is grey or rgba(199, 199, 199, 1)
starting validation of icon color
expected color is grey or rgba(199, 199, 199, 1)
starting validation of icon color
expected color is grey or rgba(199, 199, 199, 1)
starting validation of icon color
expected color is grey or rgba(199, 199, 199, 1)
starting validation of icon color
expected color is grey or rgba(199, 199, 199, 1)
starting validation of icon color
expected color is grey or rgba(199, 199, 199, 1)
starting validation of icon color
expected color is grey or rgba(199, 199, 199, 1)
starting validation of icon color
expected color is grey or rgba(199, 199, 199, 1)
starting validation of icon color
expected color is grey or rgba(199, 199, 199, 1)
starting validation of icon color
expected color is grey or rgba(199, 199, 199, 1)
starting validation of icon color
expected color is grey or rgba(199, 199, 199, 1)
starting validation of icon color
expected color is grey or rgba(199, 199, 199, 1)
starting validation of icon color
expected color is grey or rgba(199, 199, 199, 1)
starting validation of icon color
expected color is grey or rgba(199, 199, 199, 1)
starting validation of grid size
actual number of icons in grid: 49 expected number of icons in grid:: 49
actual number of icons in row: 7 expected number of icons in row:: 7
starting validation of icon color
expected color is grey or rgba(199, 199, 199, 1)
starting validation of icon color
expected color is grey or rgba(199, 199, 199, 1)
starting validation of icon color
expected color is grey or rgba(199, 199, 199, 1)
starting validation of icon color
expected color is grey or rgba(199, 199, 199, 1)
starting validation of icon color
expected color is grey or rgba(199, 199, 199, 1)
starting validation of icon color
expected color is grey or rgba(199, 199, 199, 1)
starting validation of icon color
expected color is grey or rgba(199, 199, 199, 1)
starting validation of icon color
expected color is grey or rgba(199, 199, 199, 1)
starting validation of icon color
expected color is grey or rgba(199, 199, 199, 1)
starting validation of icon color
expected color is grey or rgba(199, 199, 199, 1)
starting validation of icon color
expected color is grey or rgba(199, 199, 199, 1)
starting validation of icon color
expected color is grey or rgba(199, 199, 199, 1)
starting validation of icon color
expected color is grey or rgba(199, 199, 199, 1)
starting validation of icon color
expected color is grey or rgba(199, 199, 199, 1)
starting validation of icon color
expected color is grey or rgba(199, 199, 199, 1)
starting validation of icon color
expected color is grey or rgba(199, 199, 199, 1)
starting validation of icon color
expected color is grey or rgba(199, 199, 199, 1)
starting validation of icon color
expected color is grey or rgba(199, 199, 199, 1)
starting validation of icon color
expected color is grey or rgba(199, 199, 199, 1)
starting validation of icon color
expected color is grey or rgba(199, 199, 199, 1)
starting validation of icon color
expected color is grey or rgba(199, 199, 199, 1)
starting validation of icon color
expected color is grey or rgba(199, 199, 199, 1)
starting validation of icon color
expected color is grey or rgba(199, 199, 199, 1)
starting validation of icon color
expected color is grey or rgba(199, 199, 199, 1)
starting validation of icon color
expected color is grey or rgba(199, 199, 199, 1)
starting validation of icon color
expected color is grey or rgba(199, 199, 199, 1)
starting validation of icon color
expected color is grey or rgba(199, 199, 199, 1)
starting validation of icon color
expected color is grey or rgba(199, 199, 199, 1)
starting validation of icon color
expected color is grey or rgba(199, 199, 199, 1)
starting validation of icon color
expected color is grey or rgba(199, 199, 199, 1)
starting validation of icon color
expected color is grey or rgba(199, 199, 199, 1)
starting validation of icon color
expected color is grey or rgba(199, 199, 199, 1)
starting validation of icon color
expected color is grey or rgba(199, 199, 199, 1)
starting validation of icon color
expected color is grey or rgba(199, 199, 199, 1)
starting validation of icon color
expected color is grey or rgba(199, 199, 199, 1)
starting validation of icon color
expected color is grey or rgba(199, 199, 199, 1)
starting validation of icon color
expected color is grey or rgba(199, 199, 199, 1)
starting validation of icon color
expected color is grey or rgba(199, 199, 199, 1)
starting validation of icon color
expected color is grey or rgba(199, 199, 199, 1)
starting validation of icon color
expected color is grey or rgba(199, 199, 199, 1)
starting validation of icon color
expected color is grey or rgba(199, 199, 199, 1)
starting validation of icon color
expected color is grey or rgba(199, 199, 199, 1)
starting validation of icon color
expected color is grey or rgba(199, 199, 199, 1)
starting validation of icon color
expected color is grey or rgba(199, 199, 199, 1)
starting validation of icon color
expected color is grey or rgba(199, 199, 199, 1)
starting validation of icon color
expected color is grey or rgba(199, 199, 199, 1)
starting validation of icon color
expected color is grey or rgba(199, 199, 199, 1)
starting validation of icon color
expected color is grey or rgba(199, 199, 199, 1)
starting validation of icon color
expected color is grey or rgba(199, 199, 199, 1)
starting validation of icon color
expected color is grey or rgba(199, 199, 199, 1)
starting validation of icon color
expected color is grey or rgba(199, 199, 199, 1)
starting validation of icon color
expected color is grey or rgba(199, 199, 199, 1)
starting validation of icon color
expected color is grey or rgba(199, 199, 199, 1)
starting validation of icon color
expected color is grey or rgba(199, 199, 199, 1)
starting validation of icon color
expected color is grey or rgba(199, 199, 199, 1)
starting validation of icon color
expected color is grey or rgba(199, 199, 199, 1)
starting validation of icon color
expected color is grey or rgba(199, 199, 199, 1)
starting validation of icon color
expected color is grey or rgba(199, 199, 199, 1)
starting validation of icon color
expected color is grey or rgba(199, 199, 199, 1)
starting validation of icon color
expected color is grey or rgba(199, 199, 199, 1)
starting validation of icon color
expected color is grey or rgba(199, 199, 199, 1)
starting validation of icon color
expected color is grey or rgba(199, 199, 199, 1)
starting validation of icon color
expected color is grey or rgba(199, 199, 199, 1)
starting validation of icon color
expected color is grey or rgba(199, 199, 199, 1)
starting validation of grid size
actual number of icons in grid: 64 expected number of icons in grid:: 64
actual number of icons in row: 8 expected number of icons in row:: 8
starting validation of icon color
expected color is grey or rgba(199, 199, 199, 1)
starting validation of icon color
expected color is grey or rgba(199, 199, 199, 1)
starting validation of icon color
expected color is grey or rgba(199, 199, 199, 1)
starting validation of icon color
expected color is grey or rgba(199, 199, 199, 1)
starting validation of icon color
expected color is grey or rgba(199, 199, 199, 1)
starting validation of icon color
expected color is grey or rgba(199, 199, 199, 1)
starting validation of icon color
expected color is grey or rgba(199, 199, 199, 1)
starting validation of icon color
expected color is grey or rgba(199, 199, 199, 1)
starting validation of icon color
expected color is grey or rgba(199, 199, 199, 1)
starting validation of icon color
expected color is grey or rgba(199, 199, 199, 1)
starting validation of icon color
expected color is grey or rgba(199, 199, 199, 1)
starting validation of icon color
expected color is grey or rgba(199, 199, 199, 1)
starting validation of icon color
expected color is grey or rgba(199, 199, 199, 1)
starting validation of icon color
expected color is grey or rgba(199, 199, 199, 1)
starting validation of icon color
expected color is grey or rgba(199, 199, 199, 1)
starting validation of icon color
expected color is grey or rgba(199, 199, 199, 1)
starting validation of icon color
expected color is grey or rgba(199, 199, 199, 1)
starting validation of icon color
expected color is grey or rgba(199, 199, 199, 1)
starting validation of icon color
expected color is grey or rgba(199, 199, 199, 1)
starting validation of icon color
expected color is grey or rgba(199, 199, 199, 1)
starting validation of icon color
expected color is grey or rgba(199, 199, 199, 1)
starting validation of icon color
expected color is grey or rgba(199, 199, 199, 1)
starting validation of icon color
expected color is grey or rgba(199, 199, 199, 1)
starting validation of icon color
expected color is grey or rgba(199, 199, 199, 1)
starting validation of icon color
expected color is grey or rgba(199, 199, 199, 1)
starting validation of icon color
expected color is grey or rgba(199, 199, 199, 1)
starting validation of icon color
expected color is grey or rgba(199, 199, 199, 1)
starting validation of icon color
expected color is grey or rgba(199, 199, 199, 1)
starting validation of icon color
expected color is grey or rgba(199, 199, 199, 1)
starting validation of icon color
expected color is grey or rgba(199, 199, 199, 1)
starting validation of icon color
expected color is grey or rgba(199, 199, 199, 1)
starting validation of icon color
expected color is grey or rgba(199, 199, 199, 1)
starting validation of icon color
expected color is grey or rgba(199, 199, 199, 1)
starting validation of icon color
expected color is grey or rgba(199, 199, 199, 1)
starting validation of icon color
expected color is grey or rgba(199, 199, 199, 1)
starting validation of icon color
expected color is grey or rgba(199, 199, 199, 1)
starting validation of icon color
expected color is grey or rgba(199, 199, 199, 1)
starting validation of icon color
expected color is grey or rgba(199, 199, 199, 1)
starting validation of icon color
expected color is grey or rgba(199, 199, 199, 1)
starting validation of icon color
expected color is grey or rgba(199, 199, 199, 1)
starting validation of icon color
expected color is grey or rgba(199, 199, 199, 1)
starting validation of icon color
expected color is grey or rgba(199, 199, 199, 1)
starting validation of icon color
expected color is grey or rgba(199, 199, 199, 1)
starting validation of icon color
expected color is grey or rgba(199, 199, 199, 1)
starting validation of icon color
expected color is grey or rgba(199, 199, 199, 1)
starting validation of icon color
expected color is grey or rgba(199, 199, 199, 1)
starting validation of icon color
expected color is grey or rgba(199, 199, 199, 1)
starting validation of icon color
expected color is grey or rgba(199, 199, 199, 1)
starting validation of icon color
expected color is grey or rgba(199, 199, 199, 1)
starting validation of icon color
expected color is grey or rgba(199, 199, 199, 1)
starting validation of icon color
expected color is grey or rgba(199, 199, 199, 1)
starting validation of icon color
expected color is grey or rgba(199, 199, 199, 1)
starting validation of icon color
expected color is grey or rgba(199, 199, 199, 1)
starting validation of icon color
expected color is grey or rgba(199, 199, 199, 1)
starting validation of icon color
expected color is grey or rgba(199, 199, 199, 1)
starting validation of icon color
expected color is grey or rgba(199, 199, 199, 1)
starting validation of icon color
expected color is grey or rgba(199, 199, 199, 1)
starting validation of icon color
expected color is grey or rgba(199, 199, 199, 1)
starting validation of icon color
expected color is grey or rgba(199, 199, 199, 1)
starting validation of icon color
expected color is grey or rgba(199, 199, 199, 1)
starting validation of icon color
expected color is grey or rgba(199, 199, 199, 1)
starting validation of icon color
expected color is grey or rgba(199, 199, 199, 1)
starting validation of icon color
expected color is grey or rgba(199, 199, 199, 1)
starting validation of icon color
expected color is grey or rgba(199, 199, 199, 1)
starting validation of icon color
expected color is grey or rgba(199, 199, 199, 1)
starting validation of icon color
expected color is grey or rgba(199, 199, 199, 1)
starting validation of icon color
expected color is grey or rgba(199, 199, 199, 1)
starting validation of icon color
expected color is grey or rgba(199, 199, 199, 1)
starting validation of icon color
expected color is grey or rgba(199, 199, 199, 1)
starting validation of icon color
expected color is grey or rgba(199, 199, 199, 1)
starting validation of icon color
expected color is grey or rgba(199, 199, 199, 1)
starting validation of icon color
expected color is grey or rgba(199, 199, 199, 1)
starting validation of icon color
expected color is grey or rgba(199, 199, 199, 1)
starting validation of icon color
expected color is grey or rgba(199, 199, 199, 1)
starting validation of icon color
expected color is grey or rgba(199, 199, 199, 1)
starting validation of icon color
expected color is grey or rgba(199, 199, 199, 1)
starting validation of icon color
expected color is grey or rgba(199, 199, 199, 1)
starting validation of icon color
expected color is grey or rgba(199, 199, 199, 1)
starting validation of icon color
expected color is grey or rgba(199, 199, 199, 1)
starting validation of icon color
expected color is grey or rgba(199, 199, 199, 1)
starting validation of icon color
expected color is grey or rgba(199, 199, 199, 1)
starting validation of grid size
actual number of icons in grid: 81 expected number of icons in grid:: 81
actual number of icons in row: 9 expected number of icons in row:: 9
]]></system-out>
  </testcase>
  <testcase name="test6" classname="tests.PlaygroundGridTests" time="2.593">
    <system-out><![CDATA[Page is opened.
starting validation of icon color
expected color is grey or rgba(199, 199, 199, 1)
starting validation of icon color
expected color is grey or rgba(199, 199, 199, 1)
starting validation of icon color
expected color is grey or rgba(199, 199, 199, 1)
starting validation of icon color
expected color is grey or rgba(199, 199, 199, 1)
starting validation of icon color
expected color is grey or rgba(199, 199, 199, 1)
starting validation of icon color
expected color is grey or rgba(199, 199, 199, 1)
starting validation of icon color
expected color is grey or rgba(199, 199, 199, 1)
starting validation of icon color
expected color is grey or rgba(199, 199, 199, 1)
starting validation of icon color
expected color is grey or rgba(199, 199, 199, 1)
starting validation of icon color
expected color is grey or rgba(199, 199, 199, 1)
starting validation of icon color
expected color is grey or rgba(199, 199, 199, 1)
starting validation of icon color
expected color is grey or rgba(199, 199, 199, 1)
starting validation of icon color
expected color is grey or rgba(199, 199, 199, 1)
starting validation of icon color
expected color is grey or rgba(199, 199, 199, 1)
starting validation of icon color
expected color is grey or rgba(199, 199, 199, 1)
starting validation of icon color
expected color is grey or rgba(199, 199, 199, 1)
starting validation of alert msg
actual alert txt Not a good size!
expected alert txt Not a good size!
starting validation of icon color
expected color is grey or rgba(199, 199, 199, 1)
starting validation of icon color
expected color is grey or rgba(199, 199, 199, 1)
starting validation of icon color
expected color is grey or rgba(199, 199, 199, 1)
starting validation of icon color
expected color is grey or rgba(199, 199, 199, 1)
starting validation of icon color
expected color is grey or rgba(199, 199, 199, 1)
starting validation of icon color
expected color is grey or rgba(199, 199, 199, 1)
starting validation of icon color
expected color is grey or rgba(199, 199, 199, 1)
starting validation of icon color
expected color is grey or rgba(199, 199, 199, 1)
starting validation of icon color
expected color is grey or rgba(199, 199, 199, 1)
starting validation of icon color
expected color is grey or rgba(199, 199, 199, 1)
starting validation of icon color
expected color is grey or rgba(199, 199, 199, 1)
starting validation of icon color
expected color is grey or rgba(199, 199, 199, 1)
starting validation of icon color
expected color is grey or rgba(199, 199, 199, 1)
starting validation of icon color
expected color is grey or rgba(199, 199, 199, 1)
starting validation of icon color
expected color is grey or rgba(199, 199, 199, 1)
starting validation of icon color
expected color is grey or rgba(199, 199, 199, 1)
starting validation of grid size
actual number of icons in grid: 16 expected number of icons in grid:: 16
actual number of icons in row: 4 expected number of icons in row:: 4
Page is opened.
starting validation of icon color
expected color is grey or rgba(199, 199, 199, 1)
starting validation of icon color
expected color is grey or rgba(199, 199, 199, 1)
starting validation of icon color
expected color is grey or rgba(199, 199, 199, 1)
starting validation of icon color
expected color is grey or rgba(199, 199, 199, 1)
starting validation of icon color
expected color is grey or rgba(199, 199, 199, 1)
starting validation of icon color
expected color is grey or rgba(199, 199, 199, 1)
starting validation of icon color
expected color is grey or rgba(199, 199, 199, 1)
starting validation of icon color
expected color is grey or rgba(199, 199, 199, 1)
starting validation of icon color
expected color is grey or rgba(199, 199, 199, 1)
starting validation of icon color
expected color is grey or rgba(199, 199, 199, 1)
starting validation of icon color
expected color is grey or rgba(199, 199, 199, 1)
starting validation of icon color
expected color is grey or rgba(199, 199, 199, 1)
starting validation of icon color
expected color is grey or rgba(199, 199, 199, 1)
starting validation of icon color
expected color is grey or rgba(199, 199, 199, 1)
starting validation of icon color
expected color is grey or rgba(199, 199, 199, 1)
starting validation of icon color
expected color is grey or rgba(199, 199, 199, 1)
starting validation of alert msg
actual alert txt Not a good size!
expected alert txt Not a good size!
starting validation of icon color
expected color is grey or rgba(199, 199, 199, 1)
starting validation of icon color
expected color is grey or rgba(199, 199, 199, 1)
starting validation of icon color
expected color is grey or rgba(199, 199, 199, 1)
starting validation of icon color
expected color is grey or rgba(199, 199, 199, 1)
starting validation of icon color
expected color is grey or rgba(199, 199, 199, 1)
starting validation of icon color
expected color is grey or rgba(199, 199, 199, 1)
starting validation of icon color
expected color is grey or rgba(199, 199, 199, 1)
starting validation of icon color
expected color is grey or rgba(199, 199, 199, 1)
starting validation of icon color
expected color is grey or rgba(199, 199, 199, 1)
starting validation of icon color
expected color is grey or rgba(199, 199, 199, 1)
starting validation of icon color
expected color is grey or rgba(199, 199, 199, 1)
starting validation of icon color
expected color is grey or rgba(199, 199, 199, 1)
starting validation of icon color
expected color is grey or rgba(199, 199, 199, 1)
starting validation of icon color
expected color is grey or rgba(199, 199, 199, 1)
starting validation of icon color
expected color is grey or rgba(199, 199, 199, 1)
starting validation of icon color
expected color is grey or rgba(199, 199, 199, 1)
starting validation of grid size
actual number of icons in grid: 16 expected number of icons in grid:: 16
actual number of icons in row: 4 expected number of icons in row:: 4
]]></system-out>
  </testcase>
</testsuite>